[03Aug2024 00:00:15.315] [Server thread/INFO] [net.minecraft.server.MinecraftServer/]: <Vain_exe> enchantment table room
[03Aug2024 00:00:22.313] [Server thread/INFO] [net.minecraft.server.MinecraftServer/]: <Vain_exe> roof lo
[03Aug2024 00:00:27.157] [Server thread/INFO] [net.minecraft.server.MinecraftServer/]: <Vain_exe> ye
[03Aug2024 00:01:35.965] [Server thread/INFO] [net.minecraft.server.MinecraftServer/]: <Vain_exe> unnaya mani
[03Aug2024 00:01:59.564] [Server thread/INFO] [net.minecraft.server.MinecraftServer/]: <Vain_exe> po
[03Aug2024 00:02:02.717] [Server thread/INFO] [net.minecraft.server.MinecraftServer/]: nachocheesefries was killed
[03Aug2024 00:02:02.724] [Server thread/INFO] [net.minecraft.server.MinecraftServer/]: [Vain_exe: Killed nachocheesefries]
[03Aug2024 00:02:06.021] [Server thread/INFO] [net.minecraft.server.MinecraftServer/]: <Vain_exe> lmafo
[03Aug2024 00:02:20.880] [Server thread/INFO] [net.minecraft.server.MinecraftServer/]: <Vain_exe> ha
[03Aug2024 00:04:08.286] [Server thread/INFO] [net.minecraft.server.MinecraftServer/]: <Vain_exe> chalu
[03Aug2024 00:04:26.059] [Server thread/INFO] [net.minecraft.server.MinecraftServer/]: <Vain_exe> ha
[03Aug2024 00:04:28.991] [Server thread/INFO] [net.minecraft.server.MinecraftServer/]: <Vain_exe> tey nikhil
[03Aug2024 00:05:26.816] [Server thread/INFO] [net.minecraft.server.MinecraftServer/]: <Vain_exe> enchantment table eh chest la undi chudu
[03Aug2024 00:05:39.517] [Server thread/INFO] [net.minecraft.server.MinecraftServer/]: <Vain_exe> oka anvil kuda tey
[03Aug2024 00:05:43.562] [Server thread/INFO] [net.minecraft.server.MinecraftServer/]: <Vain_exe> chest la pettinru
[03Aug2024 00:06:03.660] [Server thread/INFO] [net.minecraft.server.MinecraftServer/]: <Vain_exe> sneak + click
[03Aug2024 00:06:23.613] [Server thread/INFO] [net.minecraft.server.MinecraftServer/]: <Vain_exe> f2 pag
[03Aug2024 00:07:41.748] [Server thread/INFO] [net.minecraft.server.MinecraftServer/]: <Vain_exe> inka books kavali
[03Aug2024 00:07:48.963] [Server thread/INFO] [net.minecraft.server.MinecraftServer/]: <Vain_exe> pain unay anukunta
[03Aug2024 00:07:52.213] [Server thread/INFO] [net.minecraft.server.MinecraftServer/]: <Vain_exe> paina
[03Aug2024 00:07:57.189] [Server thread/INFO] [net.minecraft.server.MinecraftServer/]: <Vain_exe> skull
[03Aug2024 00:08:05.116] [Server thread/INFO] [net.minecraft.server.MinecraftServer/]: <Vain_exe> normal books nikhil
[03Aug2024 00:08:08.765] [Server thread/INFO] [net.minecraft.server.MinecraftServer/]: <Vain_exe> not enchanted
[03Aug2024 00:08:17.218] [Server thread/INFO] [net.minecraft.server.MinecraftServer/]: <Vain_exe> levv ah
[03Aug2024 00:08:17.913] [Server thread/INFO] [net.minecraft.server.MinecraftServer/]: <Vain_exe> gg
[03Aug2024 00:08:22.738] [Server thread/INFO] [net.minecraft.server.MinecraftServer/]: <Vain_exe> enchantment table okati techey
[03Aug2024 00:09:08.328] [Server thread/INFO] [net.minecraft.server.MinecraftServer/]: <Vain_exe> chuskondi
[03Aug2024 00:09:14.311] [Server thread/INFO] [net.minecraft.server.MinecraftServer/]: <Vain_exe> same
[03Aug2024 00:09:19.162] [Server thread/INFO] [net.minecraft.server.MinecraftServer/]: <Vain_exe> teesko
[03Aug2024 00:09:28.911] [Server thread/INFO] [net.minecraft.server.MinecraftServer/]: <Vain_exe> actually oddu le
[03Aug2024 00:09:32.516] [Server thread/INFO] [net.minecraft.server.MinecraftServer/]: <Vain_exe> stones konni
[03Aug2024 00:09:37.760] [Server thread/INFO] [net.minecraft.server.MinecraftServer/]: <Vain_exe> yes
[03Aug2024 00:09:58.783] [Server thread/INFO] [net.minecraft.server.MinecraftServer/]: <Vain_exe> glowstone unda nikhil
[03Aug2024 00:10:14.918] [Server thread/INFO] [net.minecraft.server.MinecraftServer/]: <Vain_exe> anthe le
[03Aug2024 00:10:28.462] [Server thread/INFO] [net.minecraft.server.MinecraftServer/]: <Vain_exe> oka enchantment table cheyandi
[03Aug2024 00:11:22.217] [Server thread/INFO] [net.minecraft.server.MinecraftServer/]: <Vain_exe> i hab
[03Aug2024 00:11:23.861] [Server thread/INFO] [net.minecraft.server.MinecraftServer/]: <Vain_exe> lets go
[03Aug2024 00:12:03.685] [Server thread/INFO] [net.minecraft.server.MinecraftServer/]: <Vain_exe> map lo ayte
[03Aug2024 00:12:08.763] [Server thread/INFO] [net.minecraft.server.MinecraftServer/]: <Vain_exe> mountain meeda undi lava
[03Aug2024 00:12:37.511] [Server thread/INFO] [net.minecraft.server.MinecraftServer/]: <Vain_exe> global pettali anukunta
[03Aug2024 00:12:44.944] [Server thread/INFO] [net.minecraft.server.MinecraftServer/]: <Vain_exe> no
[03Aug2024 00:12:49.861] [Server thread/INFO] [net.minecraft.server.MinecraftServer/]: <Vain_exe> nak ratle tf
[03Aug2024 00:13:06.984] [Server thread/WARN] [net.minecraft.server.level.ServerPlayerGameMode/]: Mismatch in destroy block pos: BlockPos{x=558, y=109, z=-14} BlockPos{x=559, y=109, z=-14}
[03Aug2024 00:13:07.376] [Server thread/WARN] [net.minecraft.server.level.ServerPlayerGameMode/]: Mismatch in destroy block pos: BlockPos{x=558, y=109, z=-14} BlockPos{x=558, y=109, z=-13}
[03Aug2024 00:13:07.536] [Server thread/WARN] [net.minecraft.server.level.ServerPlayerGameMode/]: Mismatch in destroy block pos: BlockPos{x=558, y=109, z=-14} BlockPos{x=558, y=109, z=-15}
[03Aug2024 00:13:07.636] [Server thread/WARN] [net.minecraft.server.level.ServerPlayerGameMode/]: Mismatch in destroy block pos: BlockPos{x=558, y=109, z=-14} BlockPos{x=558, y=109, z=-15}
[03Aug2024 00:13:43.279] [Server thread/INFO] [net.minecraft.server.MinecraftServer/]: <Vain_exe> nadi edo bug unnatundi
[03Aug2024 00:13:59.022] [Server thread/INFO] [net.minecraft.server.MinecraftServer/]: <Vain_exe> dinla snow la padochu
[03Aug2024 00:14:12.461] [Server thread/INFO] [net.minecraft.server.MinecraftServer/]: [Vain_exe: Teleported WeAreBiscuits to Vain_exe]
[03Aug2024 00:14:16.330] [Server thread/INFO] [net.minecraft.server.MinecraftServer/]: <Vain_exe> come with me
[03Aug2024 00:15:01.218] [Server thread/INFO] [net.minecraft.server.MinecraftServer/]: <Vain_exe> enni kavali
[03Aug2024 00:15:32.720] [Server thread/INFO] [net.minecraft.server.MinecraftServer/]: WeAreBiscuits has made the advancement [Ice Bucket Challenge]
[03Aug2024 00:15:44.982] [Server thread/INFO] [net.minecraft.server.MinecraftServer/]: <Vain_exe> chalu le
[03Aug2024 00:16:18.389] [Server thread/INFO] [net.minecraft.server.MinecraftServer/]: Vain_exe was killed
[03Aug2024 00:16:18.402] [Server thread/INFO] [net.minecraft.server.MinecraftServer/]: WeAreBiscuits was killed
[03Aug2024 00:16:18.406] [Server thread/INFO] [net.minecraft.server.MinecraftServer/]: nachocheesefries was killed
[03Aug2024 00:16:18.410] [Server thread/INFO] [net.minecraft.server.MinecraftServer/]: [Vain_exe: Killed 3 entities]
[03Aug2024 00:16:19.954] [Server thread/WARN] [net.minecraft.server.network.ServerGamePacketListenerImpl/]: WeAreBiscuits moved too quickly! 44.890205940715305,-38.0,-130.49026206384204
[03Aug2024 00:16:26.477] [Server thread/INFO] [net.minecraft.server.MinecraftServer/]: <Vain_exe> make it
[03Aug2024 00:16:33.937] [Server thread/INFO] [net.minecraft.server.MinecraftServer/]: nachocheesefries has made the advancement [Ice Bucket Challenge]
[03Aug2024 00:17:02.820] [Server thread/INFO] [net.minecraft.server.MinecraftServer/]: <Vain_exe> igo
[03Aug2024 00:18:16.410] [Server thread/INFO] [net.minecraft.server.MinecraftServer/]: <Vain_exe> chesey
[03Aug2024 00:18:29.482] [Server thread/INFO] [net.minecraft.server.MinecraftServer/]: <Vain_exe> kadu block unda
[03Aug2024 00:18:31.129] [Server thread/INFO] [net.minecraft.server.MinecraftServer/]: <Vain_exe> manakada
[03Aug2024 00:18:34.917] [Server thread/INFO] [net.minecraft.server.MinecraftServer/]: <Vain_exe> ??
[03Aug2024 00:18:40.243] [Server thread/INFO] [net.minecraft.server.MinecraftServer/]: <Vain_exe> gravitite something
[03Aug2024 00:19:25.158] [Server thread/INFO] [net.minecraft.server.MinecraftServer/]: <Vain_exe> pog
[03Aug2024 00:19:26.290] [Server thread/INFO] [net.minecraft.server.MinecraftServer/]: <Vain_exe> nice
[03Aug2024 00:19:30.900] [Server thread/INFO] [net.minecraft.server.MinecraftServer/]: <Vain_exe> levl 30 enchants
[03Aug2024 00:19:42.589] [Server thread/INFO] [net.minecraft.server.MinecraftServer/]: <Vain_exe> oka barrel chey niki
[03Aug2024 00:19:53.472] [Server thread/INFO] [net.minecraft.server.MinecraftServer/]: <Vain_exe> nen chesta le
[03Aug2024 00:20:46.821] [Server thread/INFO] [net.minecraft.server.MinecraftServer/]: <Vain_exe> damaged kakunda normal unde anukunta
[03Aug2024 00:21:29.620] [Server thread/INFO] [net.minecraft.server.MinecraftServer/]: <Vain_exe> igo illa unde
[03Aug2024 00:21:37.228] [Server thread/INFO] [net.minecraft.server.MinecraftServer/]: <Vain_exe> dorkindi
[03Aug2024 00:22:02.814] [Server thread/INFO] [net.minecraft.server.network.ServerGamePacketListenerImpl/]: WeAreBiscuits lost connection: Disconnected
[03Aug2024 00:22:02.817] [Server thread/INFO] [net.minecraft.server.MinecraftServer/]: WeAreBiscuits left the game
[03Aug2024 00:22:02.818] [Server thread/INFO] [xaero.pac.OpenPartiesAndClaims/]: Updating all forceload tickets for 86757a4f-2eb2-3bfd-88f7-af01c4d68834
[03Aug2024 00:22:13.231] [Server thread/INFO] [net.minecraft.server.MinecraftServer/]: <Vain_exe> chest la eyyi
[03Aug2024 00:23:03.473] [Server thread/INFO] [net.minecraft.server.MinecraftServer/]: <Vain_exe> saal le
[03Aug2024 00:23:15.591] [Server thread/INFO] [net.minecraft.server.MinecraftServer/]: <Vain_exe> anvil dorikindi
[03Aug2024 00:23:32.620] [Server thread/INFO] [net.minecraft.server.MinecraftServer/]: <Vain_exe> ye
[03Aug2024 00:23:51.635] [Server thread/INFO] [net.minecraft.server.MinecraftServer/]: [Vain_exe: Gave 1 [Cherry Sign] to Vain_exe]
[03Aug2024 00:24:12.548] [Server thread/INFO] [net.minecraft.server.MinecraftServer/]: <Vain_exe> item ni rename cheyochu
[03Aug2024 00:24:17.698] [Server thread/INFO] [net.minecraft.server.MinecraftServer/]: <Vain_exe> anvil la
[03Aug2024 00:24:23.424] [Server thread/INFO] [net.minecraft.server.MinecraftServer/]: <Vain_exe> ye potadi anvil kani em kad
[03Aug2024 00:24:39.771] [Server thread/INFO] [net.minecraft.server.MinecraftServer/]: <Vain_exe> em led le
[03Aug2024 00:24:40.527] [Server thread/INFO] [net.minecraft.server.MinecraftServer/]: <Vain_exe> ggs
[03Aug2024 00:25:01.525] [Server thread/INFO] [net.minecraft.server.network.ServerGamePacketListenerImpl/]: nachocheesefries lost connection: Disconnected
[03Aug2024 00:25:01.527] [Server thread/INFO] [net.minecraft.server.MinecraftServer/]: nachocheesefries left the game
[03Aug2024 00:25:01.528] [Server thread/INFO] [xaero.pac.OpenPartiesAndClaims/]: Updating all forceload tickets for 6189b011-0903-3ebc-891c-53d7b5c8005f
[03Aug2024 00:25:01.572] [Server thread/INFO] [net.minecraft.server.MinecraftServer/]: [Vain_exe: Kicked nachocheesefries: Kicked by an operator]
[03Aug2024 00:25:01.586] [Server thread/WARN] [net.minecraft.network.Connection/]: handleDisconnection() called twice
[03Aug2024 00:25:12.279] [Server thread/INFO] [net.minecraft.server.MinecraftServer/]: [Vain_exe: Set own game mode to Creative Mode]
[03Aug2024 00:25:52.252] [Server thread/INFO] [net.minecraft.server.MinecraftServer/]: [Vain_exe: Set own game mode to Spectator Mode]
[03Aug2024 00:26:02.724] [Server thread/INFO] [net.minecraft.server.MinecraftServer/]: [Vain_exe: Set own game mode to Creative Mode]
[03Aug2024 00:46:49.726] [Server thread/INFO] [net.minecraft.server.network.ServerGamePacketListenerImpl/]: Vain_exe lost connection: Disconnected
[03Aug2024 00:46:49.738] [Server thread/INFO] [net.minecraft.server.MinecraftServer/]: Vain_exe left the game
[03Aug2024 00:46:49.739] [Server thread/INFO] [xaero.pac.OpenPartiesAndClaims/]: Updating all forceload tickets for 399c65ee-eaa8-3275-a14c-17ad09815ce2
[03Aug2024 00:46:59.917] [Server thread/INFO] [net.minecraft.server.MinecraftServer/]: Stopping the server
[03Aug2024 00:46:59.997] [Server thread/INFO] [net.minecraft.server.MinecraftServer/]: Stopping server
[03Aug2024 00:46:59.998] [Server thread/INFO] [net.minecraft.server.MinecraftServer/]: Saving players
[03Aug2024 00:46:59.998] [Server thread/INFO] [net.minecraft.server.MinecraftServer/]: Saving worlds
[03Aug2024 00:47:00.167] [Server thread/INFO] [net.minecraft.server.MinecraftServer/]: Saving chunks for level 'ServerLevel[world]'/minecraft:overworld
[03Aug2024 00:47:00.355] [Server thread/INFO] [net.minecraft.server.MinecraftServer/]: Saving chunks for level 'ServerLevel[world]'/minecraft:the_nether
[03Aug2024 00:47:00.428] [Server thread/INFO] [net.minecraft.server.MinecraftServer/]: Saving chunks for level 'ServerLevel[world]'/minecraft:the_end
[03Aug2024 00:47:00.428] [Server thread/INFO] [net.minecraft.server.MinecraftServer/]: Saving chunks for level 'ServerLevel[world]'/blue_skies:everbright
[03Aug2024 00:47:00.430] [Server thread/INFO] [net.minecraft.server.MinecraftServer/]: Saving chunks for level 'ServerLevel[world]'/aether:the_aether
[03Aug2024 00:47:00.538] [Server thread/INFO] [net.minecraft.server.MinecraftServer/]: Saving chunks for level 'ServerLevel[world]'/blue_skies:everdawn
[03Aug2024 00:47:00.539] [Server thread/INFO] [net.minecraft.server.MinecraftServer/]: Saving chunks for level 'ServerLevel[world]'/deeperdarker:otherside
[03Aug2024 00:47:00.539] [Server thread/INFO] [net.minecraft.server.MinecraftServer/]: Saving chunks for level 'ServerLevel[world]'/twilightforest:twilight_forest
[03Aug2024 00:47:00.721] [Server thread/INFO] [net.minecraft.server.MinecraftServer/]: ThreadedAnvilChunkStorage (world): All chunks are saved
[03Aug2024 00:47:00.721] [Server thread/INFO] [net.minecraft.server.MinecraftServer/]: ThreadedAnvilChunkStorage (DIM-1): All chunks are saved
[03Aug2024 00:47:00.721] [Server thread/INFO] [net.minecraft.server.MinecraftServer/]: ThreadedAnvilChunkStorage (DIM1): All chunks are saved
[03Aug2024 00:47:00.721] [Server thread/INFO] [net.minecraft.server.MinecraftServer/]: ThreadedAnvilChunkStorage (everbright): All chunks are saved
[03Aug2024 00:47:00.721] [Server thread/INFO] [net.minecraft.server.MinecraftServer/]: ThreadedAnvilChunkStorage (the_aether): All chunks are saved
[03Aug2024 00:47:00.721] [Server thread/INFO] [net.minecraft.server.MinecraftServer/]: ThreadedAnvilChunkStorage (everdawn): All chunks are saved
[03Aug2024 00:47:00.722] [Server thread/INFO] [net.minecraft.server.MinecraftServer/]: ThreadedAnvilChunkStorage (otherside): All chunks are saved
[03Aug2024 00:47:00.722] [Server thread/INFO] [net.minecraft.server.MinecraftServer/]: ThreadedAnvilChunkStorage (twilight_forest): All chunks are saved
[03Aug2024 00:47:00.722] [Server thread/INFO] [net.minecraft.server.MinecraftServer/]: ThreadedAnvilChunkStorage: All dimensions are saved
[03Aug2024 00:47:01.478] [Server thread/INFO] [xaero.pac.OpenPartiesAndClaims/]: Stopping IO worker...
[03Aug2024 00:47:01.483] [Server thread/INFO] [xaero.pac.OpenPartiesAndClaims/]: Stopped IO worker!
[03Aug2024 00:47:01.485] [Server thread/INFO] [Framework/]: Unloading server configs...
[03Aug2024 00:47:01.485] [Server thread/INFO] [Framework/]: Sending config unload event for backpacked.server.toml
[03Aug2024 00:47:01.487] [Server thread/INFO] [Framework/]: Sending config unload event for goblintraders-entities.toml
